* ******************************************************************************

* iCEcube Report

* Version:            2020.12.27943

* Build Date:         Dec 10 2020 17:24:17

* File Generated:     Nov 7 2023 09:12:54

* Purpose:            General info of design implementation

* Copyright (C) 2006-2010 by Lattice Semiconductor Corp. All rights reserved.

* ******************************************************************************

Synthesis/Placement Summary:
----------------------------
    Status:  Successful
    Runtime: 1 seconds

Device Info:
------------
    Device Family: iCE40
    Device:        iCE40HX1K
    Package:       VQ100

Design statistics:
------------------
    FFs:                  42
    LUTs:                 60
    RAMs:                 0
    IOBs:                 16
    GBs:                  2
    PLLs:                 0
    Warm Boots:           0

Logic Resource Utilization:
---------------------------
    Total Logic Cells: 61/1280
        Combinational Logic Cells: 19       out of   1280      1.48438%
        Sequential Logic Cells:    42       out of   1280      3.28125%
        Logic Tiles:               14       out of   160       8.75%
    Registers: 
        Logic Registers:           42       out of   1280      3.28125%
        IO Registers:              0        out of   560       0
    Block RAMs:                    0        out of   16        0%
    Warm Boots:                    0        out of   1         0%
    Pins:
        Input Pins:                2        out of   72        2.77778%
        Output Pins:               14       out of   72        19.4444%
        InOut Pins:                0        out of   72        0%
    Global Buffers:                2        out of   8         25%
    PLLs:                          0        out of   0       

IO Bank Utilization:
--------------------
    Bank 3: 6        out of   18        33.3333%
    Bank 1: 1        out of   19        5.26316%
    Bank 0: 9        out of   19        47.3684%
    Bank 2: 0        out of   16        0%

Detailed I/O Info:
------------------
    Input Pins: 
    Pin Number  Direction  IO Standard  Pull Up  IO Bank  IO Function    Signal Name   
    ----------  ---------  -----------  -------  -------  -----------    -----------   
    15          Input      SB_LVCMOS    No       3        Simple Input   i_Clk         
    53          Input      SB_LVCMOS    No       1        Simple Input   i_Switch_1    

    Output Pins: 
    Pin Number  Direction  IO Standard  Pull Up  IO Bank  IO Function    Signal Name   
    ----------  ---------  -----------  -------  -------  -----------    -----------   
    1           Output     SB_LVCMOS    No       3        Simple Output  o_Segment1_F  
    2           Output     SB_LVCMOS    No       3        Simple Output  o_Segment1_G  
    3           Output     SB_LVCMOS    No       3        Simple Output  o_Segment1_A  
    4           Output     SB_LVCMOS    No       3        Simple Output  o_Segment1_B  
    8           Output     SB_LVCMOS    No       3        Simple Output  o_Segment2_F  
    90          Output     SB_LVCMOS    No       0        Simple Output  o_Segment1_E  
    91          Output     SB_LVCMOS    No       0        Simple Output  o_Segment1_D  
    93          Output     SB_LVCMOS    No       0        Simple Output  o_Segment1_C  
    94          Output     SB_LVCMOS    No       0        Simple Output  o_Segment2_E  
    95          Output     SB_LVCMOS    No       0        Simple Output  o_Segment2_D  
    96          Output     SB_LVCMOS    No       0        Simple Output  o_Segment2_G  
    97          Output     SB_LVCMOS    No       0        Simple Output  o_Segment2_C  
    99          Output     SB_LVCMOS    No       0        Simple Output  o_Segment2_B  
    100         Output     SB_LVCMOS    No       0        Simple Output  o_Segment2_A  

Detailed Global Buffer Info:
----------------------------
    Buffer Number  IO Bank  Driven By  Fanout  Signal Name                         
    -------------  -------  ---------  ------  -----------                         
    1              3        IO         42      i_Clk_c_g                           
    6              3                   18      Debounce_Switch_Inst.r_Count12_i_g  


Router Summary:
---------------
    Status:  Successful
    Runtime: 1 seconds

Routing Resource Utilization:
-----------------------------
              Local line of tile      460 out of  28666      1.60469%
                          Span 4       26 out of   6944      0.374424%
                         Span 12        4 out of   1440      0.277778%
                  Global network        2 out of      8      25%
      Vertical Inter-LUT Connect        9 out of   1120      0.803571%

