Running in Lattice mode


Starting:    /media/jimmyheartbreaker/UDATA/_APPS/iCEcube2/synpbase/linux_a_64/mbin/synbatch
Install:     /media/jimmyheartbreaker/UDATA/_APPS/iCEcube2/synpbase
Hostname:    JamesYogaSlim
Date:        Tue Nov  7 09:12:35 2023
Version:     L-2016.09L+ice40

Arguments:   -product synplify_pro -batch Segment_Display_syn.prj
ProductType: synplify_pro





log file: "/media/jimmyheartbreaker/UDATA/_REPOS/FPGA Projects/Segment_Display/Segment_Display_Implmnt/Segment_Display.srr"
Running: Segment_Display_Implmnt in foreground

Running Segment_Display_syn|Segment_Display_Implmnt

Running: compile (Compile) on Segment_Display_syn|Segment_Display_Implmnt
# Tue Nov  7 09:12:35 2023

Running: compile_flow (Compile Process) on Segment_Display_syn|Segment_Display_Implmnt
# Tue Nov  7 09:12:35 2023

Running: compiler (Compile Input) on Segment_Display_syn|Segment_Display_Implmnt
# Tue Nov  7 09:12:35 2023
Copied /media/jimmyheartbreaker/UDATA/_REPOS/FPGA Projects/Segment_Display/Segment_Display_Implmnt/synwork/Segment_Display_comp.srs to /media/jimmyheartbreaker/UDATA/_REPOS/FPGA Projects/Segment_Display/Segment_Display_Implmnt/Segment_Display.srs

compiler completed
# Tue Nov  7 09:12:37 2023

Return Code: 0
Run Time:00h:00m:02s

Running: multi_srs_gen (Multi-srs Generator) on Segment_Display_syn|Segment_Display_Implmnt
# Tue Nov  7 09:12:37 2023

multi_srs_gen completed
# Tue Nov  7 09:12:37 2023

Return Code: 0
Run Time:00h:00m:00s
Copied /media/jimmyheartbreaker/UDATA/_REPOS/FPGA Projects/Segment_Display/Segment_Display_Implmnt/synwork/Segment_Display_mult.srs to /media/jimmyheartbreaker/UDATA/_REPOS/FPGA Projects/Segment_Display/Segment_Display_Implmnt/Segment_Display.srs
Complete: Compile Process on Segment_Display_syn|Segment_Display_Implmnt

Running: premap (Pre-mapping) on Segment_Display_syn|Segment_Display_Implmnt
# Tue Nov  7 09:12:37 2023

premap completed
# Tue Nov  7 09:12:37 2023

Return Code: 0
Run Time:00h:00m:00s
Complete: Compile on Segment_Display_syn|Segment_Display_Implmnt

Running: map (Map) on Segment_Display_syn|Segment_Display_Implmnt
# Tue Nov  7 09:12:37 2023
License granted for 4 parallel jobs

Running: fpga_mapper (Map & Optimize) on Segment_Display_syn|Segment_Display_Implmnt
# Tue Nov  7 09:12:37 2023
Copied /media/jimmyheartbreaker/UDATA/_REPOS/FPGA Projects/Segment_Display/Segment_Display_Implmnt/synwork/Segment_Display_m.srm to /media/jimmyheartbreaker/UDATA/_REPOS/FPGA Projects/Segment_Display/Segment_Display_Implmnt/Segment_Display.srm

fpga_mapper completed with warnings
# Tue Nov  7 09:12:37 2023

Return Code: 1
Run Time:00h:00m:00s
Complete: Map on Segment_Display_syn|Segment_Display_Implmnt
Complete: Logic Synthesis on Segment_Display_syn|Segment_Display_Implmnt

exit status=0

exit status=0

