Running in Lattice mode


Starting:    /media/jimmyheartbreaker/UDATA/_APPS/iCEcube2/synpbase/linux_a_64/mbin/synbatch
Install:     /media/jimmyheartbreaker/UDATA/_APPS/iCEcube2/synpbase
Hostname:    JamesYogaSlim
Date:        Tue Nov  7 09:37:03 2023
Version:     L-2016.09L+ice40

Arguments:   -product synplify_pro -batch Switches_And_LEDs_syn.prj
ProductType: synplify_pro





log file: "/media/jimmyheartbreaker/UDATA/_REPOS/LearningFPGA/Switches_And_LEDs/Switches_And_LEDs_Implmnt/Switches_And_LEDs.srr"
Running: Switches_And_LEDs_Implmnt in foreground

Running Switches_And_LEDs_syn|Switches_And_LEDs_Implmnt

Running: compile (Compile) on Switches_And_LEDs_syn|Switches_And_LEDs_Implmnt
# Tue Nov  7 09:37:03 2023

Running: compile_flow (Compile Process) on Switches_And_LEDs_syn|Switches_And_LEDs_Implmnt
# Tue Nov  7 09:37:03 2023

Running: compiler (Compile Input) on Switches_And_LEDs_syn|Switches_And_LEDs_Implmnt
# Tue Nov  7 09:37:03 2023
Copied /media/jimmyheartbreaker/UDATA/_REPOS/LearningFPGA/Switches_And_LEDs/Switches_And_LEDs_Implmnt/synwork/Switches_And_LEDs_comp.srs to /media/jimmyheartbreaker/UDATA/_REPOS/LearningFPGA/Switches_And_LEDs/Switches_And_LEDs_Implmnt/Switches_And_LEDs.srs

compiler completed
# Tue Nov  7 09:37:04 2023

Return Code: 0
Run Time:00h:00m:01s

Running: multi_srs_gen (Multi-srs Generator) on Switches_And_LEDs_syn|Switches_And_LEDs_Implmnt
# Tue Nov  7 09:37:04 2023

multi_srs_gen completed
# Tue Nov  7 09:37:04 2023

Return Code: 0
Run Time:00h:00m:00s
Copied /media/jimmyheartbreaker/UDATA/_REPOS/LearningFPGA/Switches_And_LEDs/Switches_And_LEDs_Implmnt/synwork/Switches_And_LEDs_mult.srs to /media/jimmyheartbreaker/UDATA/_REPOS/LearningFPGA/Switches_And_LEDs/Switches_And_LEDs_Implmnt/Switches_And_LEDs.srs
Complete: Compile Process on Switches_And_LEDs_syn|Switches_And_LEDs_Implmnt

Running: premap (Pre-mapping) on Switches_And_LEDs_syn|Switches_And_LEDs_Implmnt
# Tue Nov  7 09:37:04 2023

premap completed
# Tue Nov  7 09:37:04 2023

Return Code: 0
Run Time:00h:00m:00s
Complete: Compile on Switches_And_LEDs_syn|Switches_And_LEDs_Implmnt

Running: map (Map) on Switches_And_LEDs_syn|Switches_And_LEDs_Implmnt
# Tue Nov  7 09:37:04 2023
License granted for 4 parallel jobs

Running: fpga_mapper (Map & Optimize) on Switches_And_LEDs_syn|Switches_And_LEDs_Implmnt
# Tue Nov  7 09:37:04 2023
Copied /media/jimmyheartbreaker/UDATA/_REPOS/LearningFPGA/Switches_And_LEDs/Switches_And_LEDs_Implmnt/synwork/Switches_And_LEDs_m.srm to /media/jimmyheartbreaker/UDATA/_REPOS/LearningFPGA/Switches_And_LEDs/Switches_And_LEDs_Implmnt/Switches_And_LEDs.srm

fpga_mapper completed
# Tue Nov  7 09:37:05 2023

Return Code: 0
Run Time:00h:00m:01s
Complete: Map on Switches_And_LEDs_syn|Switches_And_LEDs_Implmnt
Complete: Logic Synthesis on Switches_And_LEDs_syn|Switches_And_LEDs_Implmnt

exit status=0

exit status=0

