Running in Lattice mode


Starting:    /media/jimmyheartbreaker/UDATA/_APPS/iCEcube2/synpbase/linux_a_64/mbin/synbatch
Install:     /media/jimmyheartbreaker/UDATA/_APPS/iCEcube2/synpbase
Hostname:    JamesYogaSlim
Date:        Tue Nov  7 09:14:59 2023
Version:     L-2016.09L+ice40

Arguments:   -product synplify_pro -batch LED_Blink_syn.prj
ProductType: synplify_pro





log file: "/media/jimmyheartbreaker/UDATA/_REPOS/FPGA Projects/LED_Blink/LED_Blink_Implmnt/LED_Blink.srr"
Running: LED_Blink_Implmnt in foreground

Running LED_Blink_syn|LED_Blink_Implmnt

Running: compile (Compile) on LED_Blink_syn|LED_Blink_Implmnt
# Tue Nov  7 09:14:59 2023

Running: compile_flow (Compile Process) on LED_Blink_syn|LED_Blink_Implmnt
# Tue Nov  7 09:14:59 2023

Running: compiler (Compile Input) on LED_Blink_syn|LED_Blink_Implmnt
# Tue Nov  7 09:14:59 2023
Copied /media/jimmyheartbreaker/UDATA/_REPOS/FPGA Projects/LED_Blink/LED_Blink_Implmnt/synwork/LED_Blink_comp.srs to /media/jimmyheartbreaker/UDATA/_REPOS/FPGA Projects/LED_Blink/LED_Blink_Implmnt/LED_Blink.srs

compiler completed
# Tue Nov  7 09:15:00 2023

Return Code: 0
Run Time:00h:00m:01s

Running: multi_srs_gen (Multi-srs Generator) on LED_Blink_syn|LED_Blink_Implmnt
# Tue Nov  7 09:15:00 2023

multi_srs_gen completed
# Tue Nov  7 09:15:00 2023

Return Code: 0
Run Time:00h:00m:00s
Copied /media/jimmyheartbreaker/UDATA/_REPOS/FPGA Projects/LED_Blink/LED_Blink_Implmnt/synwork/LED_Blink_mult.srs to /media/jimmyheartbreaker/UDATA/_REPOS/FPGA Projects/LED_Blink/LED_Blink_Implmnt/LED_Blink.srs
Complete: Compile Process on LED_Blink_syn|LED_Blink_Implmnt

Running: premap (Pre-mapping) on LED_Blink_syn|LED_Blink_Implmnt
# Tue Nov  7 09:15:00 2023

premap completed with warnings
# Tue Nov  7 09:15:00 2023

Return Code: 1
Run Time:00h:00m:00s
Complete: Compile on LED_Blink_syn|LED_Blink_Implmnt

Running: map (Map) on LED_Blink_syn|LED_Blink_Implmnt
# Tue Nov  7 09:15:00 2023
License granted for 4 parallel jobs

Running: fpga_mapper (Map & Optimize) on LED_Blink_syn|LED_Blink_Implmnt
# Tue Nov  7 09:15:00 2023
Copied /media/jimmyheartbreaker/UDATA/_REPOS/FPGA Projects/LED_Blink/LED_Blink_Implmnt/synwork/LED_Blink_m.srm to /media/jimmyheartbreaker/UDATA/_REPOS/FPGA Projects/LED_Blink/LED_Blink_Implmnt/LED_Blink.srm

fpga_mapper completed with warnings
# Tue Nov  7 09:15:01 2023

Return Code: 1
Run Time:00h:00m:01s
Complete: Map on LED_Blink_syn|LED_Blink_Implmnt
Complete: Logic Synthesis on LED_Blink_syn|LED_Blink_Implmnt

exit status=0

exit status=0

